[    0.000000] Initializing cgroup subsys cpuset
[    0.000000] Initializing cgroup subsys cpu
[    0.000000] Initializing cgroup subsys cpuacct
[    0.000000] Linux version 4.4.0-154-generic (buildd@lgw01-amd64-045) (gcc version 5.4.0 20160609 (Ubuntu 5.4.0-6ubuntu1~16.04.10) ) #181-Ubuntu SMP Tue Jun 25 05:30:11 UTC 2019 (Ubuntu 4.4.0-154.181-generic 4.4.179)
[    0.000000] KERNEL supported cpus:
[    0.000000]   Intel GenuineIntel
[    0.000000]   AMD AuthenticAMD
[    0.000000]   NSC Geode by NSC
[    0.000000]   Cyrix CyrixInstead
[    0.000000]   Centaur CentaurHauls
[    0.000000]   Transmeta GenuineTMx86
[    0.000000]   Transmeta TransmetaCPU
[    0.000000]   UMC UMC UMC UMC
[    0.000000] x86/fpu: xstate_offset[2]:  576, xstate_sizes[2]:  256
[    0.000000] x86/fpu: Supporting XSAVE feature 0x01: 'x87 floating point registers'
[    0.000000] x86/fpu: Supporting XSAVE feature 0x02: 'SSE registers'
[    0.000000] x86/fpu: Supporting XSAVE feature 0x04: 'AVX registers'
[    0.000000] x86/fpu: Enabled xstate features 0x7, context size is 832 bytes, using 'standard' format.
[    0.000000] e820: BIOS-provided physical RAM map:
[    0.000000] BIOS-e820: [mem 0x0000000000000000-0x000000000009fbff] usable
[    0.000000] BIOS-e820: [mem 0x000000000009fc00-0x000000000009ffff] reserved
[    0.000000] BIOS-e820: [mem 0x00000000000f0000-0x00000000000fffff] reserved
[    0.000000] BIOS-e820: [mem 0x0000000000100000-0x000000001ffeffff] usable
[    0.000000] BIOS-e820: [mem 0x000000001fff0000-0x000000001fffffff] ACPI data
[    0.000000] BIOS-e820: [mem 0x00000000fec00000-0x00000000fec00fff] reserved
[    0.000000] BIOS-e820: [mem 0x00000000fee00000-0x00000000fee00fff] reserved
[    0.000000] BIOS-e820: [mem 0x00000000fffc0000-0x00000000ffffffff] reserved
[    0.000000] NX (Execute Disable) protection: active
[    0.000000] SMBIOS 2.5 present.
[    0.000000] Hypervisor detected: KVM
[    0.000000] e820: last_pfn = 0x1fff0 max_arch_pfn = 0x1000000
[    0.000000] MTRR: Disabled
[    0.000000] x86/PAT: MTRRs disabled, skipping PAT initialization too.
[    0.000000] CPU MTRRs all blank - virtualized system.
[    0.000000] x86/PAT: Configuration [0-7]: WB  WT  UC- UC  WB  WT  UC- UC  
[    0.000000] found SMP MP-table at [mem 0x0009fff0-0x0009ffff] mapped at [c009fff0]
[    0.000000] Scanning 1 areas for low memory corruption
[    0.000000] RAMDISK: [mem 0x1e97a000-0x1f791fff]
[    0.000000] ACPI: Early table checksum verification disabled
[    0.000000] ACPI: RSDP 0x00000000000E0000 000024 (v02 VBOX  )
[    0.000000] ACPI: XSDT 0x000000001FFF0030 00003C (v01 VBOX   VBOXXSDT 00000001 ASL  00000061)
[    0.000000] ACPI: FACP 0x000000001FFF00F0 0000F4 (v04 VBOX   VBOXFACP 00000001 ASL  00000061)
[    0.000000] ACPI: DSDT 0x000000001FFF0470 0021FF (v02 VBOX   VBOXBIOS 00000002 INTL 20100528)
[    0.000000] ACPI: FACS 0x000000001FFF0200 000040
[    0.000000] ACPI: FACS 0x000000001FFF0200 000040
[    0.000000] ACPI: APIC 0x000000001FFF0240 000054 (v02 VBOX   VBOXAPIC 00000001 ASL  00000061)
[    0.000000] ACPI: SSDT 0x000000001FFF02A0 0001CC (v01 VBOX   VBOXCPUT 00000002 INTL 20100528)
[    0.000000] 0MB HIGHMEM available.
[    0.000000] 511MB LOWMEM available.
[    0.000000]   mapped low ram: 0 - 1fff0000
[    0.000000]   low ram: 0 - 1fff0000
[    0.000000] kvm-clock: Using msrs 4b564d01 and 4b564d00
[    0.000000] kvm-clock: cpu 0, msr 0:1ffef001, primary cpu clock
[    0.000000] kvm-clock: using sched offset of 3243329081 cycles
[    0.000000] clocksource: kvm-clock: mask: 0xffffffffffffffff max_cycles: 0x1cd42e4dffb, max_idle_ns: 881590591483 ns
[    0.000000] Zone ranges:
[    0.000000]   DMA      [mem 0x0000000000001000-0x0000000000ffffff]
[    0.000000]   Normal   [mem 0x0000000001000000-0x000000001ffeffff]
[    0.000000]   HighMem  empty
[    0.000000] Movable zone start for each node
[    0.000000] Early memory node ranges
[    0.000000]   node   0: [mem 0x0000000000001000-0x000000000009efff]
[    0.000000]   node   0: [mem 0x0000000000100000-0x000000001ffeffff]
[    0.000000] Initmem setup node 0 [mem 0x0000000000001000-0x000000001ffeffff]
[    0.000000] Using APIC driver default
[    0.000000] ACPI: PM-Timer IO Port: 0x4008
[    0.000000] IOAPIC[0]: apic_id 1, version 32, address 0xfec00000, GSI 0-23
[    0.000000] ACPI: INT_SRC_OVR (bus 0 bus_irq 0 global_irq 2 dfl dfl)
[    0.000000] ACPI: INT_SRC_OVR (bus 0 bus_irq 9 global_irq 9 low level)
[    0.000000] Using ACPI (MADT) for SMP configuration information
[    0.000000] smpboot: Allowing 1 CPUs, 0 hotplug CPUs
[    0.000000] PM: Registered nosave memory: [mem 0x00000000-0x00000fff]
[    0.000000] PM: Registered nosave memory: [mem 0x0009f000-0x0009ffff]
[    0.000000] PM: Registered nosave memory: [mem 0x000a0000-0x000effff]
[    0.000000] PM: Registered nosave memory: [mem 0x000f0000-0x000fffff]
[    0.000000] e820: [mem 0x20000000-0xfebfffff] available for PCI devices
[    0.000000] Booting paravirtualized kernel on KVM
[    0.000000] clocksource: refined-jiffies: mask: 0xffffffff max_cycles: 0xffffffff, max_idle_ns: 7645519600211568 ns
[    0.000000] setup_percpu: NR_CPUS:8 nr_cpumask_bits:8 nr_cpu_ids:1 nr_node_ids:1
[    0.000000] PERCPU: Embedded 19 pages/cpu @dfac1000 s47308 r0 d30516 u77824
[    0.000000] Built 1 zonelists in Zone order, mobility grouping on.  Total pages: 129678
[    0.000000] Kernel command line: BOOT_IMAGE=/boot/vmlinuz-4.4.0-154-generic root=LABEL=cloudimg-rootfs ro console=tty1 console=ttyS0
[    0.000000] PID hash table entries: 2048 (order: 1, 8192 bytes)
[    0.000000] Dentry cache hash table entries: 65536 (order: 6, 262144 bytes)
[    0.000000] Inode-cache hash table entries: 32768 (order: 5, 131072 bytes)
[    0.000000] Initializing CPU#0
[    0.000000] Initializing HighMem for node 0 (00000000:00000000)
[    0.000000] Memory: 489664K/523832K available (8104K kernel code, 793K rwdata, 3204K rodata, 936K init, 784K bss, 34168K reserved, 0K cma-reserved, 0K highmem)
[    0.000000] virtual kernel memory layout:
[    0.000000]     fixmap  : 0xfff15000 - 0xfffff000   ( 936 kB)
[    0.000000]     pkmap   : 0xffc00000 - 0xffe00000   (2048 kB)
[    0.000000]     vmalloc : 0xe07f0000 - 0xffbfe000   ( 500 MB)
[    0.000000]     lowmem  : 0xc0000000 - 0xdfff0000   ( 511 MB)
[    0.000000]       .init : 0xc1bd5000 - 0xc1cbf000   ( 936 kB)
[    0.000000]       .data : 0xc17ea448 - 0xc1bd35c0   (4004 kB)
[    0.000000]       .text : 0xc1000000 - 0xc17ea448   (8105 kB)
[    0.000000] Checking if this processor honours the WP bit even in supervisor mode...Ok.
[    0.000000] SLUB: HWalign=64, Order=0-3, MinObjects=0, CPUs=1, Nodes=1
[    0.000000] Hierarchical RCU implementation.
[    0.000000] 	Build-time adjustment of leaf fanout to 32.
[    0.000000] 	RCU restricting CPUs from NR_CPUS=8 to nr_cpu_ids=1.
[    0.000000] RCU: Adjusting geometry for rcu_fanout_leaf=32, nr_cpu_ids=1
[    0.000000] NR_IRQS:2304 nr_irqs:256 16
[    0.000000] Console: colour VGA+ 80x25
[    0.000000] console [tty1] enabled
[    0.000000] console [ttyS0] enabled
[    0.000000] allocated 524288 bytes of page_ext
[    0.000000] tsc: Detected 1800.001 MHz processor
[    2.646024] Calibrating delay loop (skipped) preset value.. 3600.00 BogoMIPS (lpj=7200004)
[    2.647714] pid_max: default: 32768 minimum: 301
[    2.648623] ACPI: Core revision 20150930
[    2.651373] ACPI: 2 ACPI AML tables successfully acquired and loaded
[    2.652738] Security Framework initialized
[    2.653683] Yama: becoming mindful.
[    2.654468] AppArmor: AppArmor initialized
[    2.655726] Mount-cache hash table entries: 1024 (order: 0, 4096 bytes)
[    2.657281] Mountpoint-cache hash table entries: 1024 (order: 0, 4096 bytes)
[    2.659142] Initializing cgroup subsys io
[    2.660069] Initializing cgroup subsys memory
[    2.667614] Initializing cgroup subsys devices
[    2.669059] Initializing cgroup subsys freezer
[    2.670649] Initializing cgroup subsys net_cls
[    2.671638] Initializing cgroup subsys perf_event
[    2.680583] Initializing cgroup subsys net_prio
[    2.682223] Initializing cgroup subsys hugetlb
[    2.690907] Initializing cgroup subsys pids
[    2.694574] mce: CPU supports 0 MCE banks
[    2.695990] process: using mwait in idle threads
[    2.709849] Last level iTLB entries: 4KB 64, 2MB 8, 4MB 8
[    2.711282] Last level dTLB entries: 4KB 64, 2MB 0, 4MB 0, 1GB 4
[    2.713040] Spectre V2 : Mitigation: Full generic retpoline
[    2.715159] Spectre V2 : Spectre v2 / SpectreRSB mitigation: Filling RSB on context switch
[    2.729209] Speculative Store Bypass: Vulnerable
[    2.730366] MDS: Vulnerable: Clear CPU buffers attempted, no microcode
[    2.756831] Freeing SMP alternatives memory: 36K
[    2.770640] ftrace: allocating 31572 entries in 62 pages
[    2.841309] smpboot: APIC(0) Converting physical 0 to logical package 0
[    2.849519] smpboot: Max logical packages: 1
[    2.850433] Enabling APIC mode:  Flat.  Using 1 I/O APICs
[    2.896303] ..TIMER: vector=0x30 apic1=0 pin1=2 apic2=-1 pin2=-1
[    3.042245] smpboot: CPU0: Intel(R) Core(TM) i5-8250U CPU @ 1.60GHz (family: 0x6, model: 0x8e, stepping: 0xa)
[    3.343077] Performance Events: unsupported p6 CPU model 142 no PMU driver, software events only.
[    3.515712] KVM setup paravirtual spinlock
[    3.589895] x86: Booted up 1 node, 1 CPUs
[    3.683484] smpboot: Total of 1 processors activated (3600.00 BogoMIPS)
[    3.818373] devtmpfs: initialized
[    3.944581] evm: security.selinux
[    4.041504] evm: security.SMACK64
[    4.168900] evm: security.SMACK64EXEC
[    4.301217] evm: security.SMACK64TRANSMUTE
[    4.423645] evm: security.SMACK64MMAP
[    4.511774] evm: security.ima
[    4.512477] evm: security.capability
[    4.553201] clocksource: jiffies: mask: 0xffffffff max_cycles: 0xffffffff, max_idle_ns: 7645041785100000 ns
[    4.614470] futex hash table entries: 256 (order: 2, 16384 bytes)
[    4.616400] pinctrl core: initialized pinctrl subsystem
[    4.618178] RTC time: 12:19:07, date: 07/19/19
[    4.619637] NET: Registered protocol family 16
[    4.621331] EISA bus registered
[    4.622460] cpuidle: using governor ladder
[    4.630414] cpuidle: using governor menu
[    4.631290] PCCT header not found.
[    4.632162] ACPI: bus type PCI registered
[    4.633028] acpiphp: ACPI Hot Plug PCI Controller Driver version: 0.5
[    4.655691] PCI : PCI BIOS area is rw and x. Use pci=nobios if you want it NX.
[    4.746616] PCI: PCI BIOS revision 2.10 entry at 0xfda26, last bus=0
[    4.791294] PCI: Using configuration type 1 for base access
[    4.793563] ACPI: Added _OSI(Module Device)
[    4.841948] ACPI: Added _OSI(Processor Device)
[    4.939195] ACPI: Added _OSI(3.0 _SCP Extensions)
[    5.051022] ACPI: Added _OSI(Processor Aggregator Device)
[    5.198071] ACPI: Executed 1 blocks of module-level executable AML code
[    5.302458] ACPI: Interpreter enabled
[    5.376984] ACPI: (supports S0 S5)
[    5.390240] ACPI: Using IOAPIC for interrupt routing
[    5.413238] PCI: Using host bridge windows from ACPI; if necessary, use "pci=nocrs" and report a bug
[    5.580774] ACPI: PCI Root Bridge [PCI0] (domain 0000 [bus 00-ff])
[    5.679609] acpi PNP0A03:00: _OSC: OS supports [ASPM ClockPM Segments MSI]
[    5.722651] acpi PNP0A03:00: _OSC: not requesting OS control; OS requires [ExtendedConfig ASPM ClockPM MSI]
[    5.735580] acpi PNP0A03:00: fail to add MMCONFIG information, can't access extended PCI configuration space under this bridge.
[    5.900052] PCI host bridge to bus 0000:00
[    5.980382] pci_bus 0000:00: root bus resource [io  0x0000-0x0cf7 window]
[    6.124503] pci_bus 0000:00: root bus resource [io  0x0d00-0xffff window]
[    6.222287] pci_bus 0000:00: root bus resource [mem 0x000a0000-0x000bffff window]
[    6.301394] pci_bus 0000:00: root bus resource [mem 0x20000000-0xfdffffff window]
[    6.345803] pci_bus 0000:00: root bus resource [bus 00-ff]
[    6.373367] pci 0000:00:01.1: legacy IDE quirk: reg 0x10: [io  0x01f0-0x01f7]
[    6.445666] pci 0000:00:01.1: legacy IDE quirk: reg 0x14: [io  0x03f6]
[    6.468934] pci 0000:00:01.1: legacy IDE quirk: reg 0x18: [io  0x0170-0x0177]
[    6.583292] pci 0000:00:01.1: legacy IDE quirk: reg 0x1c: [io  0x0376]
[    6.717281] pci 0000:00:07.0: quirk: [io  0x4000-0x403f] claimed by PIIX4 ACPI
[    6.752156] pci 0000:00:07.0: quirk: [io  0x4100-0x410f] claimed by PIIX4 SMB
[    6.783680] ACPI: PCI Interrupt Link [LNKA] (IRQs 5 9 10 *11)
[    6.823629] ACPI: PCI Interrupt Link [LNKB] (IRQs 5 9 *10 11)
[    6.825379] ACPI: PCI Interrupt Link [LNKC] (IRQs 5 *9 10 11)
[    6.827099] ACPI: PCI Interrupt Link [LNKD] (IRQs 5 9 10 *11)
[    6.829174] ACPI: Enabled 2 GPEs in block 00 to 07
[    6.830499] vgaarb: setting as boot device: PCI:0000:00:02.0
[    6.831693] vgaarb: device added: PCI:0000:00:02.0,decodes=io+mem,owns=io+mem,locks=none
[    6.842338] vgaarb: loaded
[    6.843011] vgaarb: bridge control possible 0000:00:02.0
[    6.844316] SCSI subsystem initialized
[    6.845189] ACPI: bus type USB registered
[    6.846073] usbcore: registered new interface driver usbfs
[    6.870971] usbcore: registered new interface driver hub
[    6.914146] usbcore: registered new device driver usb
[    6.957328] PCI: Using ACPI for IRQ routing
[    6.958586] NetLabel: Initializing
[    6.959385] NetLabel:  domain hash size = 128
[    6.960306] NetLabel:  protocols = UNLABELED CIPSOv4
[    6.961289] NetLabel:  unlabeled traffic allowed by default
[    6.963282] amd_nb: Cannot enumerate AMD northbridges
[    6.988110] clocksource: Switched to clocksource kvm-clock
[    7.015002] AppArmor: AppArmor Filesystem Enabled
[    7.039706] pnp: PnP ACPI init
[    7.121919] pnp: PnP ACPI: found 3 devices
[    7.236515] PnPBIOS: Disabled by ACPI PNP
[    7.343438] clocksource: acpi_pm: mask: 0xffffff max_cycles: 0xffffff, max_idle_ns: 2085701024 ns
[    7.495845] NET: Registered protocol family 2
[    7.556672] TCP established hash table entries: 4096 (order: 2, 16384 bytes)
[    7.626476] TCP bind hash table entries: 4096 (order: 3, 32768 bytes)
[    7.835572] TCP: Hash tables configured (established 4096 bind 4096)
[    7.891704] UDP hash table entries: 256 (order: 1, 8192 bytes)
[    7.892893] UDP-Lite hash table entries: 256 (order: 1, 8192 bytes)
[    7.954276] NET: Registered protocol family 1
[    7.955325] pci 0000:00:00.0: Limiting direct PCI/PCI transfers
[    7.956619] pci 0000:00:01.0: Activating ISA DMA hang workarounds
[    7.958034] Unpacking initramfs...
[    8.163370] Freeing initrd memory: 14432K
[    8.294681] clocksource: tsc: mask: 0xffffffffffffffff max_cycles: 0x19f22aa45f0, max_idle_ns: 440795269146 ns
[    8.465061] platform rtc_cmos: registered platform RTC device (no PNP device found)
[    8.466715] Scanning for low memory corruption every 60 seconds
[    8.468112] audit: initializing netlink subsys (disabled)
[    8.469337] audit: type=2000 audit(1563538750.239:1): initialized
[    8.681546] Initialise system trusted keyring
[    8.822683] HugeTLB registered 2 MB page size, pre-allocated 0 pages
[    8.937308] zbud: loaded
[    8.991154] VFS: Disk quotas dquot_6.6.0
[    9.061332] VFS: Dquot-cache hash table entries: 1024 (order 0, 4096 bytes)
[    9.243554] squashfs: version 4.0 (2009/01/31) Phillip Lougher
[    9.383772] fuse init (API version 7.23)
[    9.422021] Key type big_key registered
[    9.535924] Allocating IMA MOK and blacklist keyrings.
[    9.690250] Key type asymmetric registered
[    9.805798] Asymmetric key parser 'x509' registered
[    9.971197] bounce: pool size: 64 pages
[   10.087615] Block layer SCSI generic (bsg) driver version 0.4 loaded (major 249)
[   10.177500] io scheduler noop registered
[   10.193901] io scheduler deadline registered (default)
[   10.252225] io scheduler cfq registered
[   10.371530] pci_hotplug: PCI Hot Plug PCI Core version: 0.5
[   10.470480] pciehp: PCI Express Hot Plug Controller Driver version: 0.4
[   10.533767] ACPI: AC Adapter [AC] (on-line)
[   10.667250] input: Power Button as /devices/LNXSYSTM:00/LNXPWRBN:00/input/input0
[   10.921604] ACPI: Power Button [PWRF]
[   11.067040] input: Sleep Button as /devices/LNXSYSTM:00/LNXSLPBN:00/input/input1
[   11.281378] ACPI: Sleep Button [SLPF]
[   11.290831] ACPI: Battery Slot [BAT0] (battery present)
[   11.291972] GHES: HEST is not enabled!
[   11.293457] isapnp: Scanning for PnP cards...
[   11.299968] Serial: 8250/16550 driver, 32 ports, IRQ sharing enabled
[   11.549022] 00:02: ttyS0 at I/O 0x3f8 (irq = 4, base_baud = 115200) is a 16550A
[   11.816060] Linux agpgart interface v0.103
[   12.043234] isapnp: No Plug & Play device found
[   12.173552] loop: module loaded
[   12.269468] scsi host0: ata_piix
[   12.312977] scsi host1: ata_piix
[   12.342187] ata1: PATA max UDMA/33 cmd 0x1f0 ctl 0x3f6 bmdma 0xd000 irq 14
[   12.381297] ata2: PATA max UDMA/33 cmd 0x170 ctl 0x376 bmdma 0xd008 irq 15
[   12.429397] libphy: Fixed MDIO Bus: probed
[   12.430493] tun: Universal TUN/TAP device driver, 1.6
[   12.431737] tun: (C) 1999-2004 Max Krasnyansky <maxk@qualcomm.com>
[   12.440982] PPP generic driver version 2.4.2
[   12.442261] ehci_hcd: USB 2.0 'Enhanced' Host Controller (EHCI) Driver
[   12.444073] ehci-pci: EHCI PCI platform driver
[   12.453459] ehci-platform: EHCI generic platform driver
[   12.505818] ohci_hcd: USB 1.1 'Open' Host Controller (OHCI) Driver
[   12.575049] ohci-pci: OHCI PCI platform driver
[   12.576019] ohci-platform: OHCI generic platform driver
[   12.577099] uhci_hcd: USB Universal Host Controller Interface driver
[   12.775762] i8042: PNP: PS/2 Controller [PNP0303:PS2K,PNP0f03:PS2M] at 0x60,0x64 irq 1,12
[   13.007685] serio: i8042 KBD port at 0x60,0x64 irq 1
[   13.094695] serio: i8042 AUX port at 0x60,0x64 irq 12
[   13.232967] mousedev: PS/2 mouse device common for all mice
[   13.405501] input: AT Translated Set 2 keyboard as /devices/platform/i8042/serio0/input/input2
[   13.533249] rtc_cmos rtc_cmos: rtc core: registered rtc_cmos as rtc0
[   13.534622] rtc_cmos rtc_cmos: alarms up to one day, 114 bytes nvram
[   13.535894] i2c /dev entries driver
[   13.536772] device-mapper: uevent: version 1.0.3
[   13.537872] device-mapper: ioctl: 4.34.0-ioctl (2015-10-28) initialised: dm-devel@redhat.com
[   13.539707] platform eisa.0: Probing EISA bus 0
[   13.541169] platform eisa.0: EISA: Cannot allocate resource for mainboard
[   13.542961] platform eisa.0: Cannot allocate resource for EISA slot 1
[   13.544325] platform eisa.0: Cannot allocate resource for EISA slot 2
[   13.545636] platform eisa.0: Cannot allocate resource for EISA slot 3
[   13.546958] platform eisa.0: Cannot allocate resource for EISA slot 4
[   13.548294] platform eisa.0: Cannot allocate resource for EISA slot 5
[   13.549610] platform eisa.0: Cannot allocate resource for EISA slot 6
[   13.550935] platform eisa.0: Cannot allocate resource for EISA slot 7
[   13.552184] platform eisa.0: Cannot allocate resource for EISA slot 8
[   13.553769] platform eisa.0: EISA: Detected 0 cards
[   13.554814] cpufreq-nforce2: No nForce2 chipset.
[   13.555900] ledtrig-cpu: registered to indicate activity on CPUs
[   13.557390] NET: Registered protocol family 10
[   13.558476] NET: Registered protocol family 17
[   13.625815] Key type dns_resolver registered
[   13.743729] Using IPI No-Shortcut mode
[   13.855525] registered taskstats version 1
[   13.951897] Loading compiled-in X.509 certificates
[   14.074636] Loaded X.509 cert 'Build time autogenerated kernel key: b688310f77fafa678c464bf3023146e8ec1c10da'
[   14.280255] zswap: loaded using pool lzo/zbud
[   14.420925] Key type trusted registered
[   14.534035] Key type encrypted registered
[   14.641085] AppArmor: AppArmor sha1 policy hashing enabled
[   14.642715] ima: No TPM chip found, activating TPM-bypass!
[   14.644420] ima: Allocated hash algorithm: sha1
[   14.660629] evm: HMAC attrs: 0x1
[   14.663149]   Magic number: 11:975:329
[   14.664143] tty tty50: hash matches
[   14.729473] rtc_cmos rtc_cmos: setting system clock to 2019-07-19 12:19:17 UTC (1563538757)
[   14.894018] BIOS EDD facility v0.16 2004-Jun-25, 0 devices found
[   14.951950] EDD information not available.
[   14.995468] Freeing unused kernel memory: 936K
[   15.152208] Write protecting the kernel text: 8108k
[   15.233601] Write protecting the kernel read-only data: 3208k
[   15.443044] NX-protecting the kernel data: 6228k
Loading, please [   15.610732] random: udevadm: uninitialized urandom read (16 bytes read, 4 bits of entropy available)
wait...
starting version 229
[   15.754261] random: systemd-udevd: uninitialized urandom read (16 bytes read, 4 bits of entropy available)
[   15.894932] random: systemd-udevd: uninitialized urandom read (16 bytes read, 4 bits of entropy available)
[   16.193976] random: udevadm: uninitialized urandom read (16 bytes read, 4 bits of entropy available)
[   16.400584] random: udevadm: uninitialized urandom read (16 bytes read, 4 bits of entropy available)
[   16.647977] random: systemd-udevd: uninitialized urandom read (16 bytes read, 4 bits of entropy available)
[   16.781021] random: udevadm: uninitialized urandom read (16 bytes read, 4 bits of entropy available)
[   16.859924] random: udevadm: uninitialized urandom read (16 bytes read, 4 bits of entropy available)
[   16.870861] random: udevadm: uninitialized urandom read (16 bytes read, 4 bits of entropy available)
[   16.873481] random: udevadm: uninitialized urandom read (16 bytes read, 4 bits of entropy available)
[   16.918579] e1000: Intel(R) PRO/1000 Network Driver - version 7.3.21-k8-NAPI
[   17.025092] e1000: Copyright (c) 1999-2006 Intel Corporation.
[   17.214867] Fusion MPT base driver 3.04.20
[   17.338783] Copyright (c) 1999-2008 LSI Corporation
[   17.503864] Fusion MPT SPI Host driver 3.04.20
[   17.663248] input: ImExPS/2 Generic Explorer Mouse as /devices/platform/i8042/serio1/input/input4
[   18.128656] e1000 0000:00:03.0 eth0: (PCI:33MHz:32-bit) 02:6b:22:c0:c3:aa
[   18.330622] e1000 0000:00:03.0 eth0: Intel(R) PRO/1000 Network Connection
[   18.544908] mptbase: ioc0: Initiating bringup
[   18.725397] ioc0: LSI53C1030 A0: Capabilities={Initiator}
[   19.024683] scsi host2: ioc0: LSI53C1030 A0, FwRev=00000000h, Ports=1, MaxQ=256, IRQ=20
[   19.202526] scsi 2:0:0:0: Direct-Access     VBOX     HARDDISK         1.0  PQ: 0 ANSI: 5
[   19.447826] scsi target2:0:0: Beginning Domain Validation
[   19.691622] scsi target2:0:0: Domain Validation skipping write tests
[   19.876417] scsi target2:0:0: Ending Domain Validation
[   20.169881] scsi target2:0:0: asynchronous
[   20.194522] scsi 2:0:1:0: Direct-Access     VBOX     HARDDISK         1.0  PQ: 0 ANSI: 5
[   20.196363] scsi target2:0:1: Beginning Domain Validation
[   20.198211] scsi target2:0:1: Domain Validation skipping write tests
[   20.199568] scsi target2:0:1: Ending Domain Validation
[   20.200771] scsi target2:0:1: asynchronous
[   20.218018] e1000 0000:00:08.0 eth1: (PCI:33MHz:32-bit) 08:00:27:d8:83:29
[   20.291637] e1000 0000:00:08.0 eth1: Intel(R) PRO/1000 Network Connection
[   20.293284] sd 2:0:0:0: Attached scsi generic sg0 type 0
[   20.301183] sd 2:0:0:0: [sda] 20971520 512-byte logical blocks: (10.7 GB/10.0 GiB)
[   20.302924] sd 2:0:0:0: [sda] Write Protect is off
[   20.303988] sd 2:0:1:0: [sdb] 20480 512-byte logical blocks: (10.5 MB/10.0 MiB)
[   20.320598] sd 2:0:1:0: Attached scsi generic sg1 type 0
[   20.421805] sd 2:0:0:0: [sda] Incomplete mode parameter data
[   20.540289] sd 2:0:0:0: [sda] Assuming drive cache: write through
[   20.726771] sd 2:0:1:0: [sdb] Write Protect is off
[   20.794323] e1000 0000:00:08.0 enp0s8: renamed from eth1
[   20.933783] sd 2:0:1:0: [sdb] Incomplete mode parameter data
[   21.078025] sd 2:0:1:0: [sdb] Assuming drive cache: write through
[   21.296427] e1000 0000:00:03.0 enp0s3: renamed from eth0
[   21.318201]  sda: sda1
[   21.347115] sd 2:0:0:0: [sda] Attached SCSI disk
[   21.463149] sd 2:0:1:0: [sdb] Attached SCSI disk
Begin: Loading e[   23.022216] md: linear personality registered for level -1
ssential drivers[   23.187070] md: multipath personality registered for level -4
 ... [   23.321234] md: raid0 personality registered for level 0
[   23.424970] md: raid1 personality registered for level 1
[   23.596224] raid6: mmxx1    gen()  6583 MB/s
[   23.800338] raid6: mmxx2    gen()  6674 MB/s
[   23.980574] raid6: sse1x1   gen()  5535 MB/s
[   24.140565] raid6: sse1x2   gen()  6759 MB/s
[   24.284515] raid6: sse2x1   gen() 11037 MB/s
[   24.372338] raid6: sse2x1   xor()  6470 MB/s
[   24.520201] raid6: sse2x2   gen() 14153 MB/s
[   24.700287] raid6: sse2x2   xor()  9285 MB/s
[   24.796522] raid6: avx2x1   gen() 23044 MB/s
[   24.956170] raid6: avx2x2   gen() 25285 MB/s
[   25.020055] raid6: using algorithm avx2x2 gen() 25285 MB/s
[   25.170536] raid6: using avx2x1 recovery algorithm
[   25.328991] xor: automatically using best checksumming function:
[   25.492643]    avx       : 27037.000 MB/sec
[   25.611083] async_tx: api initialized (async)
[   25.766898] md: raid6 personality registered for level 6
[   25.812432] md: raid5 personality registered for level 5
[   25.965766] md: raid4 personality registered for level 4
[   26.122150] md: raid10 personality registered for level 10
done.
Begin: Running /scripts/init-premount ... done.
Begin: Mounting root file system ... Begin: Running /scripts/[   26.304537] Btrfs loaded
local-top ... done.
Begin: Running /scripts/local-premount ... [   26.432677] EXT4-fs (sda1): mounted filesystem with ordered data mode. Opts: (null)
Scanning for Btrfs filesystems
done.
Warning: fsck not present, so skipping root file system
done.
Begin: Running /scripts/local-bottom ... done.
Begin: Running /scripts/init-bottom ... done.
[   26.759497] systemd[1]: systemd 229 running in system mode. (+PAM +AUDIT +SELINUX +IMA +APPARMOR +SMACK +SYSVINIT +UTMP +LIBCRYPTSETUP +GCRYPT +GNUTLS +ACL +XZ -LZ4 +SECCOMP +BLKID +ELFUTILS +KMOD -IDN)
[   26.867826] systemd[1]: Detected virtualization oracle.
[   26.868970] systemd[1]: Detected architecture x86.

Welcome to [1mUbuntu 16.04.6 LTS[0m!

[   26.873687] systemd[1]: Set hostname to <ubuntu-xenial>.
[   27.009952] systemd[1]: Started Forward Password Requests to Wall Directory Watch.
[[0;32m  OK  [0m] Started Forward Password Requests to Wall Directory Watch.
[   27.013664] systemd[1]: Listening on Journal Audit Socket.
[[0;32m  OK  [0m] Listening on Journal Audit Socket.
[   27.016401] systemd[1]: Listening on Journal Socket (/dev/log).
[[0;32m  OK  [0m] Listening on Journal Socket (/dev/log).
[   27.019192] systemd[1]: Listening on udev Kernel Socket.
[[0;32m  OK  [0m] Listening on udev Kernel Socket.
[   27.021946] systemd[1]: Set up automount Arbitrary Executable File Formats File System Automount Point.
[[0;32m  OK  [0m] Set up automount Arbitrary Executab...ats File System Automount Point.
[   27.260677] systemd[1]: Reached target Encrypted Volumes.
[[0;32m  OK  [0m] Reached target Encrypted Volumes.
[   27.393025] systemd[1]: Listening on LVM2 poll daemon socket.
[[0;32m  OK  [0m] Listening on LVM2 poll daemon socket.
[   27.585168] systemd[1]: Listening on /dev/initctl Compatibility Named Pipe.
[[0;32m  OK  [0m] Listening on /dev/initctl Compatibility Named Pipe.
[   27.792633] systemd[1]: Listening on Journal Socket.
[[0;32m  OK  [0m] Listening on Journal Socket.
[   27.891373] systemd[1]: Listening on Device-mapper event daemon FIFOs.
[[0;32m  OK  [0m] Listening on Device-mapper event daemon FIFOs.
[   27.969139] systemd[1]: Listening on udev Control Socket.
[[0;32m  OK  [0m] Listening on udev Control Socket.
[   27.985214] systemd[1]: Listening on Syslog Socket.
[[0;32m  OK  [0m] Listening on Syslog Socket.
[   27.988578] systemd[1]: Reached target Swap.
[[0;32m  OK  [0m] Reached target Swap.
[   28.013357] systemd[1]: Listening on LVM2 metadata daemon socket.
[[0;32m  OK  [0m] Listening on LVM2 metadata daemon socket.
[   28.058798] systemd[1]: Reached target User and Group Name Lookups.
[[0;32m  OK  [0m] Reached target User and Group Name Lookups.
[   28.065056] systemd[1]: Started Trigger resolvconf update for networkd DNS.
[[0;32m  OK  [0m] Started Trigger resolvconf update for networkd DNS.
[   28.069071] systemd[1]: Created slice User and Session Slice.
[[0;32m  OK  [0m] Created slice User and Session Slice.
[   28.073391] systemd[1]: Reached target System Time Synchronized.
[[0;32m  OK  [0m] Reached target System Time Synchronized.
[   28.078896] systemd[1]: Created slice System Slice.
[[0;32m  OK  [0m] Created slice System Slice.
[   28.102702] random: nonblocking pool is initialized
[   28.114793] systemd[1]: Starting Load Kernel Modules...
         Starting Load Kernel Modules...
[   28.141432] systemd[1]: Mounting POSIX Message Queue File System...
[   28.297710] Loading iSCSI transport class v2.0-870.
         Mounting POSIX Message Queue File System...
[   28.442587] iscsi: registered transport (tcp)
[   28.492466] systemd[1]: Starting Remount Root and Kernel File Systems...
         Starting Remount[   28.512731] EXT4-fs (sda1): re-mounted. Opts: (null)
 Root and Kernel File Systems...
[   28.588869] systemd[1]: Starting Journal Service...
         Starting Journal Service...
[   28.697152] systemd[1]: Starting Uncomplicated firewall...
         [   28.877598] iscsi: registered transport (iser)
Starting Uncomplicated firewall...
[   29.072773] systemd[1]: Created slice system-serial\x2dgetty.slice.
[[0;32m  OK  [0m] Created slice system-serial\x2dgetty.slice.
[   29.097802] systemd[1]: Starting Set console keymap...
         Starting Set console keymap...
[   29.101307] systemd[1]: Mounting Huge Pages File System...
         Mounting Huge Pages File System...
[   29.121571] systemd[1]: Starting Monitoring of LVM2 mirrors, snapshots etc. using dmeventd or progress polling...
         Starting Monitoring of LVM2 mirrors... dmeventd or progress polling...
[   29.481201] systemd[1]: Reached target Slices.
[[0;32m  OK  [0m] Reached target Slices.
[   29.645289] systemd[1]: Starting Nameserver information manager...
         Starting Nameserver information manager...
[   29.879561] systemd[1]: Starting Create list of required static device nodes for the current kernel...
         Starting Create list of required st... nodes for the current kernel...
[   30.083046] systemd[1]: Mounting Debug File System...
         Mounting Debug File System...
[   30.234405] systemd[1]: Mounted Debug File System.
[[0;32m  OK  [0m] Mounted Debug File System.
[   30.287281] systemd[1]: Mounted Huge Pages File System.
[[0;32m  OK  [0m] Mounted Huge Pages File System.
[   30.313231] systemd[1]: Mounted POSIX Message Queue File System.
[[0;32m  OK  [0m] Mounted POSIX Message Queue File System.
[   30.410115] systemd[1]: Started Journal Service.
[[0;32m  OK  [0m] Started Journal Service.
[[0;32m  OK  [0m] Started Load Kernel Modules.
[[0;32m  OK  [0m] Started Remount Root and Kernel File Systems.
[[0;32m  OK  [0m] Started Uncomplicated firewall.
[[0;32m  OK  [0m] Started Set console keymap.
[[0;32m  OK  [0m] Started Create list of required sta...ce nodes for the current kernel.
[[0;32m  OK  [0m] Started Nameserver information manager.
[[0;32m  OK  [0m] Started LVM2 metadata daemon.
         Starting Create Static Device Nodes in /dev...
         Starting Load/Save Random Seed...
         Starting udev Coldplug all Devices...
         Mounting FUSE Control File System...
         Starting Apply Kernel Variables...
         Starting Flush Journal to Persistent Storage...
[[0;32m  OK  [0m] Mounted FUSE Control File System.
[[0;32m  OK  [0m] Started Create Static Device Nodes in /dev.
[[0;32m  OK  [0m] Started Load/Save Random Seed.
[[0;32m  OK  [0m] Started Apply Kernel Variables.
[[0;32m  OK  [0m] Started Monitoring of LVM2 mirrors,...ng dmeventd or progress polling.
[[0;32m  OK  [0m] Started udev Coldplug all Devices.
[[0;32m  OK  [0m] Started Flush Journal to Persistent Storage.
         Starting udev Kernel Device Manager...
[[0;32m  OK  [0m] Reached target Local File Systems (Pre).
[[0;32m  OK  [0m] Reached target Local File Systems.
         Starting Tell Plymouth To Write Out Runtime Data...
         Starting Create Volatile Files and Directories...
         Starting LSB: AppArmor initialization...
         Starting Initial cloud-init job (pre-networking)...
         Starting Set console font and keymap...
[[0;32m  OK  [0m] Started udev Kernel Device Manager.
[[0;32m  OK  [0m] Started Tell Plymouth To Write Out Runtime Data.
[[0;32m  OK  [0m] Started Create Volatile Files and Directories.
         Starting Update UTMP about System Boot/Shutdown...
[[0;32m  OK  [0m] Started Dispatch Password Requests to Console Directory Watch.
[[0;32m  OK  [0m] Started LSB: AppArmor initialization.
[[0;32m  OK  [0m] Started Update UTMP about System Boot/Shutdown.
[[0;32m  OK  [0m] Found device /dev/ttyS0.
[[0;32m  OK  [0m] Listening on Load/Save RF Kill Switch Status /dev/rfkill Watch.
[[0;32m  OK  [0m] Found device 82540EM Gigabit Ethern...r (PRO/1000 MT Desktop Adapter).
[[0;32m  OK  [0m] Started Set console font and keymap.
[[0;32m  OK  [0m] Found device 82540EM Gigabit Ethern...r (PRO/1000 MT Desktop Adapter).
[[0;32m  OK  [0m] Created slice system-getty.slice.
[   27.025335] cloud-init[501]: Cloud-init v. 19.1-1-gbaa47854-0ubuntu1~16.04.1 running 'init-local' at Fri, 19 Jul 2019 12:19:35 +0000. Up 26.59 seconds.
[[0;32m  OK  [0m] Started Initial cloud-init job (pre-networking).
[[0;32m  OK  [0m] Reached target Network (Pre).
         Starting Raise network interfaces...
[[0;32m  OK  [0m] Started ifup for enp0s8.
[[0;32m  OK  [0m] Started ifup for enp0s3.
[[0;32m  OK  [0m] Started Raise network interfaces.
[[0;32m  OK  [0m] Reached target Network.
         Starting Initial cloud-init job (metadata service crawler)...
[   28.437709] cloud-init[1072]: Cloud-init v. 19.1-1-gbaa47854-0ubuntu1~16.04.1 running 'init' at Fri, 19 Jul 2019 12:19:37 +0000. Up 28.04 seconds.
[   28.505468] cloud-init[1072]: ci-info: ++++++++++++++++++++++++++++++++++++++Net device info+++++++++++++++++++++++++++++++++++++++
[   28.585057] cloud-init[1072]: ci-info: +--------+------+-----------------------------+---------------+--------+-------------------+
[   28.586811] cloud-init[1072]: ci-info: | Device |  Up  |           Address           |      Mask     | Scope  |     Hw-Address    |
[   28.587233] cloud-init[1072]: ci-info: +--------+------+-----------------------------+---------------+--------+-------------------+
[   28.587630] cloud-init[1072]: ci-info: | enp0s3 | True |          10.0.2.15          | 255.255.255.0 | global | 02:6b:22:c0:c3:aa |
[   28.588142] cloud-init[1072]: ci-info: | enp0s3 | True |  fe80::6b:22ff:fec0:c3aa/64 |       .       |  link  | 02:6b:22:c0:c3:aa |
[[0;32m  OK  [0m] Started Initial cloud-init job (metadata service crawler).
[   28.588735] cloud-init[1072]: ci-info: | enp0s8 | True |        192.128.10.12        | 255.255.255.0 | global | 08:00:27:d8:83:29 |
[   29.199258] cloud-init[1072]: ci-info: | enp0s8 | True | fe80::a00:27ff:fed8:8329/64 |       .       |  link  | 08:00:27:d8:83:29 |
[   29.300874] cloud-init[1072]: ci-info: |   lo   | True |          127.0.0.1          |   255.0.0.0   |  host  |         .         |
[   29.405442] cloud-init[1072]: ci-info: |   lo   | True |           ::1/128           |       .       |  host  |         .         |
[[0;32m  OK  [0m] Reached target System Initialization.
[   29.520857] cloud-init[1072]: ci-info: +--------+------+-----------------------------+---------------+--------+-------------------+
[[0;32m  OK  [0m] Started ACPI Events Check.
[[0;32m  OK  [0m] Reached target Paths.
[   29.655854] cloud-init[1072]: ci-info: ++++++++++++++++++++++++++++Route IPv4 info++++++++++++++++++++++++++++
[   29.784666] cloud-init[1072]: ci-info: +-------+--------------+----------+---------------+-----------+-------+
[[0;32m  OK  [0m] Started Daily apt download activities.
[   29.875510] cloud-init[1072]: ci-info: | Route | Destination  | Gateway  |    Genmask    | Interface | Flags |
[[0;32m  OK  [0m] Started Daily apt upgrade and clean activities.
[   30.007216] cloud-init[1072]: ci-info: +-------+--------------+----------+---------------+-----------+-------+
[   30.164694] cloud-init[1072]: ci-info: |   0   |   0.0.0.0    | 10.0.2.2 |    0.0.0.0    |   enp0s3  |   UG  |
         Starting Socket activation for snappy daemon.
[[0;32m  OK  [0m] Listening on ACPID Listen Socket.
[   30.271193] cloud-init[1072]: ci-info: |   1   |   10.0.2.0   | 0.0.0.0  | 255.255.255.0 |   enp0s3  |   U   |[[0;32m  OK  [0m] Started Daily Cleanup of Temporary Directories.
[[0;32m  OK  [0m] Reached target Timers.
[[0;32m  OK  [0m] Listening on UUID daemon activation socket.

         Starting LXD - unix socket.
[[0;32m  OK  [0m] Listening on D-Bus System Message Bus Socket.
[   30.519257] [[0;32m  OK  [0m] Reached target Network is Online.
         Starting iSCSI initiator daemon (iscsid)...
[[0;32m  OK  [0m] Reached target Cloud-config availability.
[[0;32m  OK  [0m] Listening on Socket activation for snappy daemon.
[[0;32m  OK  [0m] Listening on LXD - unix socket.
[[0;32m  OK  [0m] Reached target Sockets.
[[0;32m  OK  [0m] Reached target Basic System.
cloud-init[1072]: ci-info: |   2   | 192.128.10.0 | 0.0.0.0  | 255.255.255.0 |   enp0s8  |   U   |
[   30.960439] cloud-init[1072]: ci-info: +-------+--------------+----------+---------------+-----------+-------+
[   30.960984] cloud-init[1072]: ci-info: +++++++++++++++++++Route IPv6 info+++++++++++++++++++
[   30.961087] cloud-init[1072]: ci-info: +-------+-------------+---------+-----------+-------+
[   30.961613] cloud-init[1072]: ci-info: | Route | Destination | Gateway | Interface | Flags |
[   30.961701] cloud-init[1072]: ci-info: +-------+-------------+---------+-----------+-------+
[   30.961780] cloud-init[1072]: ci-info: |   0   |  fe80::/64  |    ::   |   enp0s8  |   U   |
[   30.961854] cloud-init[1072]: ci-info: |   1   |  fe80::/64  |    ::   |   enp0s3  |   U   |
[   30.961929] cloud-init[1072]: ci-info: |   4   |   ff00::/8  |    ::   |   enp0s8  |   U   |
[   30.962003] cloud-init[1072]: ci-info: |   5   |   ff00::/8  |    ::   |   enp0s3  |   U   |
[   30.962083] cloud-init[1072]: ci-info: +-------+-------------+---------+-----------+-------+
[[0;32m  OK  [0m] Started Deferred execution scheduler.
         Starting Login Service...
         Starting System Logging Service...
         Starting vboxadd.service...
         Starting OpenBSD Secure Shell server...
         Starting LSB: MD monitoring daemon...
[[0;32m  OK  [0m] Started FUSE filesystem for LXC.
         Starting LSB: Record successful boot for GRUB...
[[0;32m  OK  [0m] Started ACPI event daemon.
         Starting LXD - container startup/shutdown...
[[0;32m  OK  [0m] Started Regular background program processing daemon.
         Starting Accounts Service...
         Starting /etc/rc.local Compatibility...
[[0;32m  OK  [0m] Started D-Bus System Message Bus.
         Starting Snappy daemon...
[[0;32m  OK  [0m] Started System Logging Service.
[[0;32m  OK  [0m] Started /etc/rc.local Compatibility.
[[0;32m  OK  [0m] Started iSCSI initiator daemon (iscsid).
[[0;32m  OK  [0m] Started LXD - container startup/shutdown.
[[0;32m  OK  [0m] Started OpenBSD Secure Shell server.
[[0;32m  OK  [0m] Started LSB: MD monitoring daemon.
[[0;32m  OK  [0m] Started vboxadd.service.
[[0;32m  OK  [0m] Started Snappy daemon.
[[0;32m  OK  [0m] Started LSB: Record successful boot for GRUB.
[[0;32m  OK  [0m] Started Login Service.
[[0;32m  OK  [0m] Started Unattended Upgrades Shutdown.
         Starting Authenticate and Authorize Users to Run Privileged Tasks...
         Starting Wait until snapd is fully seeded...
         Starting vboxadd-service.service...
         Starting Login to default iSCSI targets...
[[0;32m  OK  [0m] Started Wait until snapd is fully seeded.
[[0;1;31mFAILED[0m] Failed to start vboxadd-service.service.
See 'systemctl status vboxadd-service.service' for details.
[[0;32m  OK  [0m] Started Authenticate and Authorize Users to Run Privileged Tasks.
[[0;32m  OK  [0m] Started Accounts Service.
[[0;32m  OK  [0m] Started Login to default iSCSI targets.
[[0;32m  OK  [0m] Reached target Remote File Systems (Pre).
[[0;32m  OK  [0m] Reached target Remote File Systems.
         Starting LSB: daemon to balance interrupts for SMP systems...
         Starting Permit User Sessions...
         Starting LSB: automatic crash report generation...
         Starting LSB: Apache2 web server...
         Starting LSB: Set the CPU Frequency Scaling governor to "ondemand"...
         Starting Apply the settings specified in cloud-config...
[[0;32m  OK  [0m] Started Permit User Sessions.
[[0;32m  OK  [0m] Started LSB: daemon to balance interrupts for SMP systems.
[[0;32m  OK  [0m] Started LSB: automatic crash report generation.
[[0;32m  OK  [0m] Started LSB: Set the CPU Frequency Scaling governor to "ondemand".
         Starting Terminate Plymouth Boot Screen...
         Starting Hold until boot process finishes up...
[[0;32m  OK  [0m] Started Terminate Plymouth Boot Screen.
[[0;32m  OK  [0m] Started Hold until boot process finishes up.
         Starting Set console scheme...
[[0;32m  OK  [0m] Started Getty on tty1.
[[0;32m  OK  [0m] Started Serial Getty on ttyS0.
[[0;32m  OK  [0m] Reached target Login Prompts.
[[0;32m  OK  [0m] Started Set console scheme.
[   34.026105] cloud-init[1357]: Cloud-init v. 19.1-1-gbaa47854-0ubuntu1~16.04.1 running 'modules:config' at Fri, 19 Jul 2019 12:19:43 +0000. Up 33.86 seconds.
[[0;32m  OK  [0m] Started Apply the settings specified in cloud-config.
[[0;32m  OK  [0m] Started LSB: Apache2 web server.
[[0;32m  OK  [0m] Reached target Multi-User System.
[[0;32m  OK  [0m] Reached target Graphical Interface.
         Starting Update UTMP about System Runlevel Changes...
         Starting Execute cloud user/final scripts...
[[0;32m  OK  [0m] Started Update UTMP about System Runlevel Changes.
[   35.431899] cloud-init[1484]: Cloud-init v. 19.1-1-gbaa47854-0ubuntu1~16.04.1 running 'modules:final' at Fri, 19 Jul 2019 12:19:44 +0000. Up 35.26 seconds.
[[0;32m  OK  [0m] Started Execute cloud user/final scripts.
[   35.569477] cloud-init[1484]: Cloud-init v. 19.1-1-gbaa47854-0ubuntu1~16.04.1 finished at Fri, 19 Jul 2019 12:19:44 +0000. Datasource DataSourceNoCloud [seed=/dev/sdb][dsmode=net].  Up 35.42 seconds
[[0;32m  OK  [0m] Reached target Cloud-init target.

Ubuntu 16.04.6 LTS ubuntu-xenial ttyS0

ubuntu-xenial login: 